0 info it worked if it ends with ok
1 verbose cli [ '/home/lellex/.nvm/versions/node/v4.2.1/bin/node',
1 verbose cli   '/home/lellex/.nvm/versions/node/v4.2.1/bin/npm',
1 verbose cli   'run',
1 verbose cli   'test' ]
2 info using npm@2.14.7
3 info using node@v4.2.1
4 verbose run-script [ 'pretest', 'test', 'posttest' ]
5 info pretest rando3D@1.3.0
6 info test rando3D@1.3.0
7 verbose unsafe-perm in lifecycle true
8 info rando3D@1.3.0 Failed to exec test script
9 verbose stack Error: rando3D@1.3.0 test: `mochify test/*.js --wd-file test/.min-wd --wd`
9 verbose stack Exit status 1
9 verbose stack     at EventEmitter.<anonymous> (/home/lellex/.nvm/versions/node/v4.2.1/lib/node_modules/npm/lib/utils/lifecycle.js:214:16)
9 verbose stack     at emitTwo (events.js:87:13)
9 verbose stack     at EventEmitter.emit (events.js:172:7)
9 verbose stack     at ChildProcess.<anonymous> (/home/lellex/.nvm/versions/node/v4.2.1/lib/node_modules/npm/lib/utils/spawn.js:24:14)
9 verbose stack     at emitTwo (events.js:87:13)
9 verbose stack     at ChildProcess.emit (events.js:172:7)
9 verbose stack     at maybeClose (internal/child_process.js:818:16)
9 verbose stack     at Process.ChildProcess._handle.onexit (internal/child_process.js:211:5)
10 verbose pkgid rando3D@1.3.0
11 verbose cwd /home/lellex/Projets/Geotrek-rando-pnc/node_modules/rando3D
12 error Linux 4.2.0-27-generic
13 error argv "/home/lellex/.nvm/versions/node/v4.2.1/bin/node" "/home/lellex/.nvm/versions/node/v4.2.1/bin/npm" "run" "test"
14 error node v4.2.1
15 error npm  v2.14.7
16 error code ELIFECYCLE
17 error rando3D@1.3.0 test: `mochify test/*.js --wd-file test/.min-wd --wd`
17 error Exit status 1
18 error Failed at the rando3D@1.3.0 test script 'mochify test/*.js --wd-file test/.min-wd --wd'.
18 error This is most likely a problem with the rando3D package,
18 error not with npm itself.
18 error Tell the author that this fails on your system:
18 error     mochify test/*.js --wd-file test/.min-wd --wd
18 error You can get their info via:
18 error     npm owner ls rando3D
18 error There is likely additional logging output above.
19 verbose exit [ 1, true ]
